<?xml version="1.0" encoding="UTF-8"?>
<!-- Generated by org.testng.reporters.JUnitReportReporter -->
<testsuite hostname="L-INE-HD5Z003" failures="0" tests="1" name="DemoTest" time="8.395" errors="0" timestamp="2023-09-05T17:46:27 IST" skipped="0">
  <testcase classname="DemoTest" name="f" time="8.395"/>
</testsuite> <!-- DemoTest -->
